2025-07-11 19:12:40,808 - INFO - Successfully read the YAML file
2025-07-11 19:12:40,808 - INFO - Loading the data from RAW directory
2025-07-11 19:12:40,808 - INFO - Loading Data
2025-07-11 19:12:40,873 - INFO - Loading Data
2025-07-11 19:12:40,885 - INFO - Starting our Data Processing step
2025-07-11 19:12:40,886 - INFO - Dropping the columns and duplicates
2025-07-11 19:12:40,925 - INFO - Applying Label Encoding
2025-07-11 19:12:40,936 - INFO - Label Mappings are : 
2025-07-11 19:12:40,936 - INFO - type_of_meal_plan: {'Meal Plan 1': 0, 'Meal Plan 2': 1, 'Meal Plan 3': 2, 'Not Selected': 3}
2025-07-11 19:12:40,936 - INFO - required_car_parking_space: {0: 0, 1: 1}
2025-07-11 19:12:40,936 - INFO - room_type_reserved: {'Room_Type 1': 0, 'Room_Type 2': 1, 'Room_Type 3': 2, 'Room_Type 4': 3, 'Room_Type 5': 4, 'Room_Type 6': 5, 'Room_Type 7': 6}
2025-07-11 19:12:40,938 - INFO - market_segment_type: {'Aviation': 0, 'Complementary': 1, 'Corporate': 2, 'Offline': 3, 'Online': 4}
2025-07-11 19:12:40,938 - INFO - repeated_guest: {0: 0, 1: 1}
2025-07-11 19:12:40,938 - INFO - booking_status: {'Canceled': 0, 'Not_Canceled': 1}
2025-07-11 19:12:40,938 - INFO - Doing Skewness Handling
2025-07-11 19:12:40,942 - INFO - Starting our Data Processing step
2025-07-11 19:12:40,942 - INFO - Dropping the columns and duplicates
2025-07-11 19:12:40,946 - INFO - Applying Label Encoding
2025-07-11 19:12:40,951 - INFO - Label Mappings are : 
2025-07-11 19:12:40,951 - INFO - type_of_meal_plan: {'Meal Plan 1': 0, 'Meal Plan 2': 1, 'Meal Plan 3': 2, 'Not Selected': 3}
2025-07-11 19:12:40,951 - INFO - required_car_parking_space: {0: 0, 1: 1}
2025-07-11 19:12:40,951 - INFO - room_type_reserved: {'Room_Type 1': 0, 'Room_Type 2': 1, 'Room_Type 3': 2, 'Room_Type 4': 3, 'Room_Type 5': 4, 'Room_Type 6': 5, 'Room_Type 7': 6}
2025-07-11 19:12:40,951 - INFO - market_segment_type: {'Aviation': 0, 'Complementary': 1, 'Corporate': 2, 'Offline': 3, 'Online': 4}
2025-07-11 19:12:40,951 - INFO - repeated_guest: {0: 0, 1: 1}
2025-07-11 19:12:40,951 - INFO - booking_status: {'Canceled': 0, 'Not_Canceled': 1}
2025-07-11 19:12:40,951 - INFO - Doing Skewness Handling
2025-07-11 19:12:40,952 - INFO - Handling Imbalanced Data
2025-07-11 19:12:41,209 - INFO - Data balanced successfully
2025-07-11 19:12:41,209 - INFO - Handling Imbalanced Data
2025-07-11 19:12:41,246 - INFO - Data balanced successfully
2025-07-11 19:12:41,246 - INFO - Staring our feature selection step
2025-07-11 19:12:43,621 - INFO - Features selected : ['lead_time' 'no_of_special_requests' 'avg_price_per_room' 'arrival_month'
 'arrival_date' 'market_segment_type' 'no_of_week_nights'
 'no_of_weekend_nights' 'type_of_meal_plan' 'room_type_reserved']
2025-07-11 19:12:43,622 - INFO - Feature selection completed successfully
2025-07-11 19:12:43,631 - INFO - Saving our data in processed folder
2025-07-11 19:12:43,701 - INFO - Data Saved successfully to artifacts/processed\processed_train.csv
2025-07-11 19:12:43,701 - INFO - Saving our data in processed folder
2025-07-11 19:12:43,720 - INFO - Data Saved successfully to artifacts/processed\processed_test.csv
2025-07-11 19:12:43,720 - INFO - Data Processing completed Successfully
