2025-07-13 23:18:10,146 - INFO - Successfully read the YAML file
2025-07-13 23:18:10,146 - INFO - Data ingestion started with my_bucket_456 and file is Hotel_Reservations.csv
2025-07-13 23:18:10,146 - INFO - Starting data ingestion process
2025-07-13 23:18:14,665 - INFO - Raw file is successfully download to artifacts/raw\raw.csv
2025-07-13 23:18:14,665 - INFO - Starting the splitting process
2025-07-13 23:18:14,845 - INFO - Train data saved to artifacts/raw\train.csv
2025-07-13 23:18:14,845 - INFO - Test data saved to artifacts/raw\test.csv
2025-07-13 23:18:14,845 - INFO - Data ingestion completed successfully
2025-07-13 23:18:14,845 - INFO - Data ingestion completed
2025-07-13 23:18:14,845 - INFO - Successfully read the YAML file
2025-07-13 23:18:14,852 - INFO - Loading the data from RAW directory
2025-07-13 23:18:14,852 - INFO - Loading Data
2025-07-13 23:18:14,889 - INFO - Loading Data
2025-07-13 23:18:14,921 - INFO - Starting our Data Processing step
2025-07-13 23:18:14,921 - INFO - Dropping the columns and duplicates
2025-07-13 23:18:14,937 - INFO - Applying Label Encoding
2025-07-13 23:18:14,953 - INFO - Label Mappings are : 
2025-07-13 23:18:14,953 - INFO - type_of_meal_plan: {'Meal Plan 1': 0, 'Meal Plan 2': 1, 'Meal Plan 3': 2, 'Not Selected': 3}
2025-07-13 23:18:14,953 - INFO - required_car_parking_space: {0: 0, 1: 1}
2025-07-13 23:18:14,953 - INFO - room_type_reserved: {'Room_Type 1': 0, 'Room_Type 2': 1, 'Room_Type 3': 2, 'Room_Type 4': 3, 'Room_Type 5': 4, 'Room_Type 6': 5, 'Room_Type 7': 6}
2025-07-13 23:18:14,953 - INFO - market_segment_type: {'Aviation': 0, 'Complementary': 1, 'Corporate': 2, 'Offline': 3, 'Online': 4}
2025-07-13 23:18:14,953 - INFO - repeated_guest: {0: 0, 1: 1}
2025-07-13 23:18:14,953 - INFO - booking_status: {'Canceled': 0, 'Not_Canceled': 1}
2025-07-13 23:18:14,953 - INFO - Doing Skewness Handling
2025-07-13 23:18:14,953 - INFO - Starting our Data Processing step
2025-07-13 23:18:14,953 - INFO - Dropping the columns and duplicates
2025-07-13 23:18:14,953 - INFO - Applying Label Encoding
2025-07-13 23:18:14,969 - INFO - Label Mappings are : 
2025-07-13 23:18:14,969 - INFO - type_of_meal_plan: {'Meal Plan 1': 0, 'Meal Plan 2': 1, 'Meal Plan 3': 2, 'Not Selected': 3}
2025-07-13 23:18:14,969 - INFO - required_car_parking_space: {0: 0, 1: 1}
2025-07-13 23:18:14,969 - INFO - room_type_reserved: {'Room_Type 1': 0, 'Room_Type 2': 1, 'Room_Type 3': 2, 'Room_Type 4': 3, 'Room_Type 5': 4, 'Room_Type 6': 5, 'Room_Type 7': 6}
2025-07-13 23:18:14,969 - INFO - market_segment_type: {'Aviation': 0, 'Complementary': 1, 'Corporate': 2, 'Offline': 3, 'Online': 4}
2025-07-13 23:18:14,969 - INFO - repeated_guest: {0: 0, 1: 1}
2025-07-13 23:18:14,969 - INFO - booking_status: {'Canceled': 0, 'Not_Canceled': 1}
2025-07-13 23:18:14,969 - INFO - Doing Skewness Handling
2025-07-13 23:18:14,969 - INFO - Handling Imbalanced Data
2025-07-13 23:18:15,225 - INFO - Data balanced successfully
2025-07-13 23:18:15,225 - INFO - Handling Imbalanced Data
2025-07-13 23:18:15,271 - INFO - Data balanced successfully
2025-07-13 23:18:15,271 - INFO - Staring our feature selection step
2025-07-13 23:18:17,450 - INFO - Features selected : ['lead_time' 'no_of_special_requests' 'avg_price_per_room' 'arrival_month'
 'arrival_date' 'market_segment_type' 'no_of_week_nights'
 'no_of_weekend_nights' 'type_of_meal_plan' 'room_type_reserved']
2025-07-13 23:18:17,450 - INFO - Feature selection completed successfully
2025-07-13 23:18:17,466 - INFO - Saving our data in processed folder
2025-07-13 23:18:17,526 - INFO - Data Saved successfully to artifacts/processed\processed_train.csv
2025-07-13 23:18:17,526 - INFO - Saving our data in processed folder
2025-07-13 23:18:17,541 - INFO - Data Saved successfully to artifacts/processed\processed_test.csv
2025-07-13 23:18:17,541 - INFO - Data Processing completed Successfully
2025-07-13 23:18:18,299 - INFO - Starting our model training pipeline
2025-07-13 23:18:18,299 - INFO - Starting our MLFLOW experimentation
2025-07-13 23:18:18,299 - INFO - Logging the training and testing dataset to MLFLOW
2025-07-13 23:18:18,315 - INFO - Loading data from artifacts/processed\processed_train.csv
2025-07-13 23:18:18,315 - INFO - Loading Data
2025-07-13 23:18:18,331 - INFO - Loading data from artifacts/processed\processed_test.csv
2025-07-13 23:18:18,331 - INFO - Loading Data
2025-07-13 23:18:18,347 - INFO - Data splitted successfully for model training
2025-07-13 23:18:18,347 - INFO - Initiazing our model
2025-07-13 23:18:18,347 - INFO - Starting our hyperparameter tuning
2025-07-13 23:18:18,347 - INFO - Starting our Hyperparameter tuning
2025-07-13 23:18:31,427 - INFO - Hyperparameter tuning completed
2025-07-13 23:18:31,427 - INFO - Best parameters are: {'boosting_type': 'gbdt', 'learning_rate': 0.1293700315892974, 'max_depth': 23, 'n_estimators': 314, 'num_leaves': 94}
2025-07-13 23:18:31,427 - INFO - Evaluating our model
2025-07-13 23:18:31,454 - INFO - Accuracy Score: 0.8806183115338883
2025-07-13 23:18:31,454 - INFO - Precision Score: 0.863667348329925
2025-07-13 23:18:31,454 - INFO - Recall Score: 0.9039239001189061
2025-07-13 23:18:31,454 - INFO - F1 Score: 0.8833372066000464
2025-07-13 23:18:31,454 - INFO - Saving the trained model
2025-07-13 23:18:31,498 - INFO - Model saved at artifacts/model/lgbm_model.pkl
2025-07-13 23:18:31,498 - INFO - Logging the model into MLFLOW
2025-07-13 23:18:31,500 - INFO - Logging Params and Metrices to MLFLOW
2025-07-13 23:18:31,543 - INFO - Model training successfully completed
